[0.012s] Invoking command in '/home/ws/build/autonomous_rover': CMAKE_PREFIX_PATH=${CMAKE_PREFIX_PATH}:/opt/ros/jazzy /usr/bin/cmake --build /home/ws/build/autonomous_rover -- -j6 -l6
[0.046s] Invoked command in '/home/ws/build/autonomous_rover' returned '0': CMAKE_PREFIX_PATH=${CMAKE_PREFIX_PATH}:/opt/ros/jazzy /usr/bin/cmake --build /home/ws/build/autonomous_rover -- -j6 -l6
[0.056s] Invoking command in '/home/ws/build/autonomous_rover': CMAKE_PREFIX_PATH=${CMAKE_PREFIX_PATH}:/opt/ros/jazzy /usr/bin/cmake --install /home/ws/build/autonomous_rover
[0.062s] -- Install configuration: ""
[0.062s] -- Execute custom install script
[0.063s] -- Up-to-date symlink: /home/ws/install/autonomous_rover/share/autonomous_rover/config/view_bot.rviz
[0.063s] -- Up-to-date symlink: /home/ws/install/autonomous_rover/share/autonomous_rover/description/robot.urdf.xacro
[0.063s] -- Up-to-date symlink: /home/ws/install/autonomous_rover/share/autonomous_rover/description/robot_core.xacro
[0.064s] -- Up-to-date symlink: /home/ws/install/autonomous_rover/share/autonomous_rover/launch/rsp.launch.py
[0.064s] -- Up-to-date symlink: /home/ws/install/autonomous_rover/share/autonomous_rover/worlds/empty.world
[0.065s] -- Up-to-date symlink: /home/ws/install/autonomous_rover/share/ament_index/resource_index/package_run_dependencies/autonomous_rover
[0.065s] -- Up-to-date symlink: /home/ws/install/autonomous_rover/share/ament_index/resource_index/parent_prefix_path/autonomous_rover
[0.065s] -- Up-to-date symlink: /home/ws/install/autonomous_rover/share/autonomous_rover/environment/ament_prefix_path.sh
[0.065s] -- Up-to-date symlink: /home/ws/install/autonomous_rover/share/autonomous_rover/environment/ament_prefix_path.dsv
[0.066s] -- Up-to-date symlink: /home/ws/install/autonomous_rover/share/autonomous_rover/environment/path.sh
[0.066s] -- Up-to-date symlink: /home/ws/install/autonomous_rover/share/autonomous_rover/environment/path.dsv
[0.066s] -- Up-to-date symlink: /home/ws/install/autonomous_rover/share/autonomous_rover/local_setup.bash
[0.066s] -- Up-to-date symlink: /home/ws/install/autonomous_rover/share/autonomous_rover/local_setup.sh
[0.066s] -- Up-to-date symlink: /home/ws/install/autonomous_rover/share/autonomous_rover/local_setup.zsh
[0.066s] -- Up-to-date symlink: /home/ws/install/autonomous_rover/share/autonomous_rover/local_setup.dsv
[0.066s] -- Symlinking: /home/ws/install/autonomous_rover/share/autonomous_rover/package.dsv
[0.074s] -- Up-to-date symlink: /home/ws/install/autonomous_rover/share/ament_index/resource_index/packages/autonomous_rover
[0.075s] -- Up-to-date symlink: /home/ws/install/autonomous_rover/share/autonomous_rover/cmake/autonomous_roverConfig.cmake
[0.075s] -- Up-to-date symlink: /home/ws/install/autonomous_rover/share/autonomous_rover/cmake/autonomous_roverConfig-version.cmake
[0.075s] -- Up-to-date symlink: /home/ws/install/autonomous_rover/share/autonomous_rover/package.xml
[0.076s] Invoked command in '/home/ws/build/autonomous_rover' returned '0': CMAKE_PREFIX_PATH=${CMAKE_PREFIX_PATH}:/opt/ros/jazzy /usr/bin/cmake --install /home/ws/build/autonomous_rover
