[0.012s] Invoking command in '/home/ws/build/autonomous_rover': CMAKE_PREFIX_PATH=/opt/ros/jazzy /usr/bin/cmake --build /home/ws/build/autonomous_rover -- -j6 -l6
[0.044s] Invoked command in '/home/ws/build/autonomous_rover' returned '0': CMAKE_PREFIX_PATH=/opt/ros/jazzy /usr/bin/cmake --build /home/ws/build/autonomous_rover -- -j6 -l6
[0.053s] Invoking command in '/home/ws/build/autonomous_rover': CMAKE_PREFIX_PATH=/opt/ros/jazzy /usr/bin/cmake --install /home/ws/build/autonomous_rover
[0.059s] -- Install configuration: ""
[0.060s] -- Execute custom install script
[0.060s] -- Up-to-date symlink: /home/ws/install/autonomous_rover/share/autonomous_rover/config/view_bot.rviz
[0.060s] -- Up-to-date symlink: /home/ws/install/autonomous_rover/share/autonomous_rover/description/robot.urdf.xacro
[0.061s] -- Up-to-date symlink: /home/ws/install/autonomous_rover/share/autonomous_rover/description/robot_core.xacro
[0.061s] -- Up-to-date symlink: /home/ws/install/autonomous_rover/share/autonomous_rover/launch/rsp.launch.py
[0.061s] -- Symlinking: /home/ws/install/autonomous_rover/share/autonomous_rover/worlds/empty.world
[0.069s] -- Up-to-date symlink: /home/ws/install/autonomous_rover/share/ament_index/resource_index/package_run_dependencies/autonomous_rover
[0.069s] -- Up-to-date symlink: /home/ws/install/autonomous_rover/share/ament_index/resource_index/parent_prefix_path/autonomous_rover
[0.069s] -- Up-to-date symlink: /home/ws/install/autonomous_rover/share/autonomous_rover/environment/ament_prefix_path.sh
[0.069s] -- Up-to-date symlink: /home/ws/install/autonomous_rover/share/autonomous_rover/environment/ament_prefix_path.dsv
[0.070s] -- Up-to-date symlink: /home/ws/install/autonomous_rover/share/autonomous_rover/environment/path.sh
[0.070s] -- Up-to-date symlink: /home/ws/install/autonomous_rover/share/autonomous_rover/environment/path.dsv
[0.070s] -- Up-to-date symlink: /home/ws/install/autonomous_rover/share/autonomous_rover/local_setup.bash
[0.070s] -- Up-to-date symlink: /home/ws/install/autonomous_rover/share/autonomous_rover/local_setup.sh
[0.070s] -- Up-to-date symlink: /home/ws/install/autonomous_rover/share/autonomous_rover/local_setup.zsh
[0.070s] -- Up-to-date symlink: /home/ws/install/autonomous_rover/share/autonomous_rover/local_setup.dsv
[0.070s] -- Symlinking: /home/ws/install/autonomous_rover/share/autonomous_rover/package.dsv
[0.078s] -- Up-to-date symlink: /home/ws/install/autonomous_rover/share/ament_index/resource_index/packages/autonomous_rover
[0.078s] -- Up-to-date symlink: /home/ws/install/autonomous_rover/share/autonomous_rover/cmake/autonomous_roverConfig.cmake
[0.078s] -- Up-to-date symlink: /home/ws/install/autonomous_rover/share/autonomous_rover/cmake/autonomous_roverConfig-version.cmake
[0.078s] -- Up-to-date symlink: /home/ws/install/autonomous_rover/share/autonomous_rover/package.xml
[0.080s] Invoked command in '/home/ws/build/autonomous_rover' returned '0': CMAKE_PREFIX_PATH=/opt/ros/jazzy /usr/bin/cmake --install /home/ws/build/autonomous_rover
