-- The C compiler identification is GNU 13.3.0
-- The CXX compiler identification is GNU 13.3.0
-- Detecting C compiler ABI info
-- Detecting C compiler ABI info - done
-- Check for working C compiler: /usr/bin/cc - skipped
-- Detecting C compile features
-- Detecting C compile features - done
-- Detecting CXX compiler ABI info
-- Detecting CXX compiler ABI info - done
-- Check for working CXX compiler: /usr/bin/c++ - skipped
-- Detecting CXX compile features
-- Detecting CXX compile features - done
-- Found ament_cmake: 2.5.3 (/opt/ros/jazzy/share/ament_cmake/cmake)
-- Found Python3: /usr/bin/python3 (found version "3.12.3") found components: Interpreter 
-- Override CMake install command with custom implementation using symlinks instead of copying resources
-- Found ament_lint_auto: 0.17.2 (/opt/ros/jazzy/share/ament_lint_auto/cmake)
-- Added test 'copyright' to check source files copyright and LICENSE
-- Added test 'flake8' to check Python code syntax and style conventions
-- Configured 'flake8' exclude dirs and/or files: 
-- Added test 'lint_cmake' to check CMake code style
-- Added test 'pep257' to check Python code against some of the docstring style conventions in PEP 257
-- Added test 'xmllint' to check XML markup files
-- Configuring done (0.6s)
-- Generating done (0.0s)
-- Build files have been written to: /home/ws/build/autonomous_rover
-- Install configuration: ""
-- Execute custom install script
-- Symlinking: /home/ws/install/autonomous_rover/share/autonomous_rover/config/view_bot.rviz
-- Symlinking: /home/ws/install/autonomous_rover/share/autonomous_rover/description/robot.urdf.xacro
-- Symlinking: /home/ws/install/autonomous_rover/share/autonomous_rover/description/robot_core.xacro
-- Symlinking: /home/ws/install/autonomous_rover/share/autonomous_rover/launch/rsp.launch.py
-- Symlinking: /home/ws/install/autonomous_rover/share/ament_index/resource_index/package_run_dependencies/autonomous_rover
-- Symlinking: /home/ws/install/autonomous_rover/share/ament_index/resource_index/parent_prefix_path/autonomous_rover
-- Symlinking: /home/ws/install/autonomous_rover/share/autonomous_rover/environment/ament_prefix_path.sh
-- Symlinking: /home/ws/install/autonomous_rover/share/autonomous_rover/environment/ament_prefix_path.dsv
-- Symlinking: /home/ws/install/autonomous_rover/share/autonomous_rover/environment/path.sh
-- Symlinking: /home/ws/install/autonomous_rover/share/autonomous_rover/environment/path.dsv
-- Symlinking: /home/ws/install/autonomous_rover/share/autonomous_rover/local_setup.bash
-- Symlinking: /home/ws/install/autonomous_rover/share/autonomous_rover/local_setup.sh
-- Symlinking: /home/ws/install/autonomous_rover/share/autonomous_rover/local_setup.zsh
-- Symlinking: /home/ws/install/autonomous_rover/share/autonomous_rover/local_setup.dsv
-- Symlinking: /home/ws/install/autonomous_rover/share/autonomous_rover/package.dsv
-- Symlinking: /home/ws/install/autonomous_rover/share/ament_index/resource_index/packages/autonomous_rover
-- Symlinking: /home/ws/install/autonomous_rover/share/autonomous_rover/cmake/autonomous_roverConfig.cmake
-- Symlinking: /home/ws/install/autonomous_rover/share/autonomous_rover/cmake/autonomous_roverConfig-version.cmake
-- Symlinking: /home/ws/install/autonomous_rover/share/autonomous_rover/package.xml
