[0.011s] Invoking command in '/home/ws/build/autonomous_rover': CMAKE_PREFIX_PATH=/opt/ros/jazzy /usr/bin/cmake /home/ws/src/autonomous_rover -DAMENT_CMAKE_SYMLINK_INSTALL=1 -DCMAKE_INSTALL_PREFIX=/home/ws/install/autonomous_rover
[0.062s] -- The C compiler identification is GNU 13.3.0
[0.117s] -- The CXX compiler identification is GNU 13.3.0
[0.131s] -- Detecting C compiler ABI info
[0.205s] -- Detecting C compiler ABI info - done
[0.214s] -- Check for working C compiler: /usr/bin/cc - skipped
[0.214s] -- Detecting C compile features
[0.215s] -- Detecting C compile features - done
[0.223s] -- Detecting CXX compiler ABI info
[0.310s] -- Detecting CXX compiler ABI info - done
[0.320s] -- Check for working CXX compiler: /usr/bin/c++ - skipped
[0.321s] -- Detecting CXX compile features
[0.321s] -- Detecting CXX compile features - done
[0.323s] -- Found ament_cmake: 2.5.3 (/opt/ros/jazzy/share/ament_cmake/cmake)
[0.436s] -- Found Python3: /usr/bin/python3 (found version "3.12.3") found components: Interpreter 
[0.521s] -- Override CMake install command with custom implementation using symlinks instead of copying resources
[0.546s] -- Found ament_lint_auto: 0.17.2 (/opt/ros/jazzy/share/ament_lint_auto/cmake)
[0.655s] -- Added test 'copyright' to check source files copyright and LICENSE
[0.657s] -- Added test 'flake8' to check Python code syntax and style conventions
[0.657s] -- Configured 'flake8' exclude dirs and/or files: 
[0.658s] -- Added test 'lint_cmake' to check CMake code style
[0.658s] -- Added test 'pep257' to check Python code against some of the docstring style conventions in PEP 257
[0.660s] -- Added test 'xmllint' to check XML markup files
[0.662s] -- Configuring done (0.6s)
[0.666s] -- Generating done (0.0s)
[0.668s] -- Build files have been written to: /home/ws/build/autonomous_rover
[0.673s] Invoked command in '/home/ws/build/autonomous_rover' returned '0': CMAKE_PREFIX_PATH=/opt/ros/jazzy /usr/bin/cmake /home/ws/src/autonomous_rover -DAMENT_CMAKE_SYMLINK_INSTALL=1 -DCMAKE_INSTALL_PREFIX=/home/ws/install/autonomous_rover
[0.674s] Invoking command in '/home/ws/build/autonomous_rover': CMAKE_PREFIX_PATH=/opt/ros/jazzy /usr/bin/cmake --build /home/ws/build/autonomous_rover -- -j6 -l6
[0.706s] Invoked command in '/home/ws/build/autonomous_rover' returned '0': CMAKE_PREFIX_PATH=/opt/ros/jazzy /usr/bin/cmake --build /home/ws/build/autonomous_rover -- -j6 -l6
[0.715s] Invoking command in '/home/ws/build/autonomous_rover': CMAKE_PREFIX_PATH=/opt/ros/jazzy /usr/bin/cmake --install /home/ws/build/autonomous_rover
[0.721s] -- Install configuration: ""
[0.723s] -- Execute custom install script
[0.724s] -- Symlinking: /home/ws/install/autonomous_rover/share/autonomous_rover/config/view_bot.rviz
[0.732s] -- Symlinking: /home/ws/install/autonomous_rover/share/autonomous_rover/description/robot.urdf.xacro
[0.739s] -- Symlinking: /home/ws/install/autonomous_rover/share/autonomous_rover/description/robot_core.xacro
[0.747s] -- Symlinking: /home/ws/install/autonomous_rover/share/autonomous_rover/launch/rsp.launch.py
[0.755s] -- Symlinking: /home/ws/install/autonomous_rover/share/ament_index/resource_index/package_run_dependencies/autonomous_rover
[0.764s] -- Symlinking: /home/ws/install/autonomous_rover/share/ament_index/resource_index/parent_prefix_path/autonomous_rover
[0.772s] -- Symlinking: /home/ws/install/autonomous_rover/share/autonomous_rover/environment/ament_prefix_path.sh
[0.780s] -- Symlinking: /home/ws/install/autonomous_rover/share/autonomous_rover/environment/ament_prefix_path.dsv
[0.789s] -- Symlinking: /home/ws/install/autonomous_rover/share/autonomous_rover/environment/path.sh
[0.796s] -- Symlinking: /home/ws/install/autonomous_rover/share/autonomous_rover/environment/path.dsv
[0.804s] -- Symlinking: /home/ws/install/autonomous_rover/share/autonomous_rover/local_setup.bash
[0.811s] -- Symlinking: /home/ws/install/autonomous_rover/share/autonomous_rover/local_setup.sh
[0.819s] -- Symlinking: /home/ws/install/autonomous_rover/share/autonomous_rover/local_setup.zsh
[0.826s] -- Symlinking: /home/ws/install/autonomous_rover/share/autonomous_rover/local_setup.dsv
[0.834s] -- Symlinking: /home/ws/install/autonomous_rover/share/autonomous_rover/package.dsv
[0.841s] -- Symlinking: /home/ws/install/autonomous_rover/share/ament_index/resource_index/packages/autonomous_rover
[0.848s] -- Symlinking: /home/ws/install/autonomous_rover/share/autonomous_rover/cmake/autonomous_roverConfig.cmake
[0.856s] -- Symlinking: /home/ws/install/autonomous_rover/share/autonomous_rover/cmake/autonomous_roverConfig-version.cmake
[0.863s] -- Symlinking: /home/ws/install/autonomous_rover/share/autonomous_rover/package.xml
[0.872s] Invoked command in '/home/ws/build/autonomous_rover' returned '0': CMAKE_PREFIX_PATH=/opt/ros/jazzy /usr/bin/cmake --install /home/ws/build/autonomous_rover
